<<<<<<< Updated upstream
Base path: D:/Program Files/Unity/2018.4.18f1/Editor/Data
=======
Base path: C:/Program Files/Unity/Hub/Editor/2019.3.7f1/Editor/Data
>>>>>>> Stashed changes
Cmd: initializeCompiler
Cmd: compileComputeKernel
  api=4 insize=2059 outsize=1517 ok=1
Cmd: compileComputeKernel
  api=4 insize=1176 outsize=821 ok=1
Cmd: compileComputeKernel
<<<<<<< Updated upstream
  api=4 insize=18299 outsize=10769 ok=1
Cmd: initializeCompiler
=======
  api=4 insize=10881 outsize=9693 ok=1
Cmd: compileComputeKernel
  api=4 insize=3396 outsize=2681 ok=1
Cmd: compileComputeKernel
  api=4 insize=18299 outsize=8545 ok=1
Cmd: compileComputeKernel
  api=4 insize=1454 outsize=597 ok=1
>>>>>>> Stashed changes
